<?xml version="1.0" encoding="UTF-8"?>
<testsuite xmlns:xsi="http://www.w3.org/2001/XMLSchema-instance" xsi:noNamespaceSchemaLocation="https://maven.apache.org/surefire/maven-surefire-plugin/xsd/surefire-test-report.xsd" name="io.ownera.ledger.adapter.postgres.PostgresTokenLifecycleTest" time="0.604" tests="3" errors="0" skipped="0" failures="0">
  <properties>
[...]
</properties>
  <testcase name="shouldIssueTransferAndVerifyBalances" classname="io.ownera.ledger.adapter.postgres.PostgresTokenLifecycleTest" time="0.084"/>
  <testcase name="shouldHandleMultipleTransfers" classname="io.ownera.ledger.adapter.postgres.PostgresTokenLifecycleTest" time="0.077"/>
  <testcase name="shouldIssueAndRedeemTokens" classname="io.ownera.ledger.adapter.postgres.PostgresTokenLifecycleTest" time="0.029"/>
</testsuite>